c:\users\kouhei\source\repos\simpleraytracer\simpleraytracer\x64\release\vc141.pdb
c:\users\kouhei\source\repos\simpleraytracer\simpleraytracer\x64\release\simple_ray_tracer.obj
c:\users\kouhei\source\repos\simpleraytracer\simpleraytracer\x64\release\renderer.obj
c:\users\kouhei\source\repos\simpleraytracer\simpleraytracer\x64\release\ray.obj
c:\users\kouhei\source\repos\simpleraytracer\simpleraytracer\x64\release\random.obj
c:\users\kouhei\source\repos\simpleraytracer\simpleraytracer\x64\release\parametric_objects.obj
c:\users\kouhei\source\repos\simpleraytracer\simpleraytracer\x64\release\objects.obj
c:\users\kouhei\source\repos\simpleraytracer\simpleraytracer\x64\release\material.obj
c:\users\kouhei\source\repos\simpleraytracer\simpleraytracer\x64\release\camera.obj
c:\users\kouhei\source\repos\simpleraytracer\simpleraytracer\x64\release\aabb.obj
c:\users\kouhei\source\repos\simpleraytracer\x64\release\simpleraytracer.dll
c:\users\kouhei\source\repos\simpleraytracer\x64\release\simpleraytracer.pdb
c:\users\kouhei\source\repos\simpleraytracer\x64\release\simpleraytracer.lib
c:\users\kouhei\source\repos\simpleraytracer\x64\release\simpleraytracer.exp
c:\users\kouhei\source\repos\simpleraytracer\x64\release\simpleraytracer.ipdb
c:\users\kouhei\source\repos\simpleraytracer\x64\release\simpleraytracer.iobj
c:\users\kouhei\source\repos\simpleraytracer\simpleraytracer\x64\release\simpleraytracer.tlog\cl.command.1.tlog
c:\users\kouhei\source\repos\simpleraytracer\simpleraytracer\x64\release\simpleraytracer.tlog\cl.read.1.tlog
c:\users\kouhei\source\repos\simpleraytracer\simpleraytracer\x64\release\simpleraytracer.tlog\cl.write.1.tlog
c:\users\kouhei\source\repos\simpleraytracer\simpleraytracer\x64\release\simpleraytracer.tlog\link.command.1.tlog
c:\users\kouhei\source\repos\simpleraytracer\simpleraytracer\x64\release\simpleraytracer.tlog\link.delete.1.tlog
c:\users\kouhei\source\repos\simpleraytracer\simpleraytracer\x64\release\simpleraytracer.tlog\link.read.1.tlog
c:\users\kouhei\source\repos\simpleraytracer\simpleraytracer\x64\release\simpleraytracer.tlog\link.write.1.tlog
c:\users\kouhei\source\repos\simpleraytracer\simpleraytracer\x64\release\simpleraytracer.tlog\simpleraytracer.write.1u.tlog
